<?xml version="1.0" encoding="UTF-8" ?>
<testsuite errors="0" failures="0" hostname="LAPTOP-4IQU9GAF" name="RationalTest" skipped="0" tests="8" time="0.038" timestamp="2566-09-12T18:15:18">
  <properties>
    <property name="ant.project.invoked-targets" value="test" />
    <property name="java.runtime.name" value="OpenJDK Runtime Environment" />
    <property name="sun.boot.library.path" value="C:\Users\USER\.jdks\corretto-1.8.0_382\jre\bin" />
    <property name="java.vm.version" value="25.382-b05" />
    <property name="ant.library.dir" value="C:\Program Files\JetBrains\IntelliJ IDEA 2023.1\lib\ant\lib" />
    <property name="user.country.format" value="TH" />
    <property name="ant.version" value="Apache Ant(TM) version 1.10.12 compiled on October 13 2021" />
    <property name="ant.java.version" value="1.8" />
    <property name="java.vm.vendor" value="Amazon.com Inc." />
    <property name="java.vendor.url" value="https://aws.amazon.com/corretto/" />
    <property name="path.separator" value=";" />
    <property name="java.vm.name" value="OpenJDK 64-Bit Server VM" />
    <property name="file.encoding.pkg" value="sun.io" />
    <property name="user.script" value="" />
    <property name="user.country" value="US" />
    <property name="sun.java.launcher" value="SUN_STANDARD" />
    <property name="sun.os.patch.level" value="" />
    <property name="java.vm.specification.name" value="Java Virtual Machine Specification" />
    <property name="user.dir" value="C:\Users\USER\Documents\GitHub\Rational" />
    <property name="java.runtime.version" value="1.8.0_382-b05" />
    <property name="java.awt.graphicsenv" value="sun.awt.Win32GraphicsEnvironment" />
    <property name="basedir" value="C:\Users\USER\Documents\GitHub\Rational" />
    <property name="java.endorsed.dirs" value="C:\Users\USER\.jdks\corretto-1.8.0_382\jre\lib\endorsed" />
    <property name="os.arch" value="amd64" />
    <property name="java.io.tmpdir" value="C:\Users\USER\AppData\Local\Temp\" />
    <property name="ant.core.lib" value="C:\Program Files\JetBrains\IntelliJ IDEA 2023.1\lib\ant\lib\ant.jar" />
    <property name="line.separator" value="&#xd;&#xa;" />
    <property name="java.vm.specification.vendor" value="Oracle Corporation" />
    <property name="user.variant" value="" />
    <property name="os.name" value="Windows 10" />
    <property name="ant.home" value="C:\Program Files\JetBrains\IntelliJ IDEA 2023.1\lib\ant" />
    <property name="sun.jnu.encoding" value="Cp1252" />
    <property name="java.library.path" value="C:\Users\USER\.jdks\corretto-1.8.0_382\bin;C:\WINDOWS\Sun\Java\bin;C:\WINDOWS\system32;C:\WINDOWS;C:\Program Files\Amazon Corretto\jdk17.0.7_7\bin;C:\Program Files\NVIDIA GPU Computing Toolkit\CUDA\v12.1\bin;C:\Program Files\NVIDIA GPU Computing Toolkit\CUDA\v12.1\libnvvp;C:\Program Files\Amazon Corretto\jdk17.0.6_10\bin;C:\Program Files\apache-maven-3.9.1\bin;C:\Program Files\Amazon Corretto\jdk11.0.16_8\bin;C:\Program Files\Common Files\Oracle\Java\javapath;C:\Python39\Scripts\;C:\Python39\;C:\Program Files\AdoptOpenJDK\jdk-11.0.10.9-hotspot\bin;C:\Windows\system32;C:\Windows;C:\Windows\System32\Wbem;C:\Windows\System32\WindowsPowerShell\v1.0\;C:\Windows\System32\OpenSSH\;C:\Program Files (x86)\NVIDIA Corporation\PhysX\Common;C:\Program Files\NVIDIA Corporation\NVIDIA NvDLISR;C:\Program Files (x86)\Skype\Phone\;C:\MinGW\bin;C:\Program Files\dotnet\;C:\Program Files\Microsoft SQL Server\130\Tools\Binn\;C:\Program Files\Microsoft SQL Server\Client SDK\ODBC\170\Tools\Binn\;C:\Program Files\Java\jdk1.8.0_211\bin;C:\WINDOWS\system32;C:\WINDOWS;C:\WINDOWS\System32\Wbem;C:\WINDOWS\System32\WindowsPowerShell\v1.0\;C:\WINDOWS\System32\OpenSSH\;C:\Program Files\TortoiseGit\bin;C:\Program Files\Java\jdk-16.0.2\bin;C:\Program Files\MATLAB\R2021b\bin;C:\Program Files\PuTTY\;C:\Program Files (x86)\Pulse Secure\VC142.CRT\X64\;C:\Program Files (x86)\Pulse Secure\VC142.CRT\X86\;C:\Program Files\nodejs\;C:\Program Files\NVIDIA Corporation\Nsight Compute 2023.1.1\;C:\CuDNN\cudnn-windows-x86_64-8.9.0.131_cuda12-archive\bin;C:\CuDNN\cudnn-windows-x86_64-8.9.0.131_cuda12-archive\include;C:\Program Files\NVIDIA GPU Computing Toolkit\CUDA\v12.1\extras\CUPTI\lib64;C:\Program Files\NVIDIA GPU Computing Toolkit\CUDA\v12.1\extras\CUPTI\include;C:\Program Files\NVIDIA GPU Computing Toolkit\CUDA\v12.1\bin;C:\ProgramData\chocolatey\bin;C:\HashiCorp\Vagrant\bin;C:\Program Files\Git\cmd;C:\ProgramData\chocolatey\lib\maven\apache-maven-3.9.2\bin;C:\Program Files\Amazon\AWSCLIV2\;C:\Program Files\MySQL\MySQL Shell 8.0\bin\;C:\Users\USER\AppData\Local\Microsoft\WindowsApps;C:\Users\USER\.dotnet\tools;C:\Users\USER\AppData\Local\GitHubDesktop\bin;C:\Users\USER\AppData\Local\Microsoft\WindowsApps;C:\MinGW\bin;C:\Users\USER\AppData\Local\atom\bin;C:\Users\USER\AppData\Local\Programs\Microsoft VS Code\bin;C:\Users\USER\AppData\Roaming\npm;C:\src\flutter\flutter\bin;;C:\Program Files\JetBrains\IntelliJ IDEA Community Edition 2023.1\bin;;C:\Program Files\JetBrains\IntelliJ IDEA 2023.1\bin;;." />
    <property name="java.specification.name" value="Java Platform API Specification" />
    <property name="java.class.version" value="52.0" />
    <property name="sun.management.compiler" value="HotSpot 64-Bit Tiered Compilers" />
    <property name="os.version" value="10.0" />
    <property name="ant.file" value="C:\Users\USER\Documents\GitHub\Rational\build.xml" />
    <property name="user.home" value="C:\Users\USER" />
    <property name="user.timezone" value="" />
    <property name="java.awt.printerjob" value="sun.awt.windows.WPrinterJob" />
    <property name="file.encoding" value="UTF-8" />
    <property name="java.specification.version" value="1.8" />
    <property name="java.class.path" value="C:\Program Files\JetBrains\IntelliJ IDEA 2023.1\lib\ant\lib\ant.jar;C:\Users\USER\.jdks\corretto-1.8.0_382\lib\tools.jar;C:\Program Files\JetBrains\IntelliJ IDEA 2023.1\lib\idea_rt.jar" />
    <property name="user.name" value="USER" />
    <property name="java.vm.specification.version" value="1.8" />
    <property name="sun.arch.data.model" value="64" />
    <property name="sun.java.command" value="com.intellij.rt.ant.execution.AntMain2 -logger com.intellij.rt.ant.execution.IdeaAntLogger2 -inputhandler com.intellij.rt.ant.execution.IdeaInputHandler -buildfile C:\Users\USER\Documents\GitHub\Rational\build.xml test" />
    <property name="java.home" value="C:\Users\USER\.jdks\corretto-1.8.0_382\jre" />
    <property name="java.specification.vendor" value="Oracle Corporation" />
    <property name="user.language" value="en" />
    <property name="user.language.format" value="th" />
    <property name="awt.toolkit" value="sun.awt.windows.WToolkit" />
    <property name="java.vm.info" value="mixed mode" />
    <property name="java.version" value="1.8.0_382" />
    <property name="java.ext.dirs" value="C:\Users\USER\.jdks\corretto-1.8.0_382\jre\lib\ext;C:\WINDOWS\Sun\Java\lib\ext" />
    <property name="sun.boot.class.path" value="C:\Users\USER\.jdks\corretto-1.8.0_382\jre\lib\resources.jar;C:\Users\USER\.jdks\corretto-1.8.0_382\jre\lib\rt.jar;C:\Users\USER\.jdks\corretto-1.8.0_382\jre\lib\sunrsasign.jar;C:\Users\USER\.jdks\corretto-1.8.0_382\jre\lib\jsse.jar;C:\Users\USER\.jdks\corretto-1.8.0_382\jre\lib\jce.jar;C:\Users\USER\.jdks\corretto-1.8.0_382\jre\lib\charsets.jar;C:\Users\USER\.jdks\corretto-1.8.0_382\jre\lib\jfr.jar;C:\Users\USER\.jdks\corretto-1.8.0_382\jre\classes" />
    <property name="java.vendor" value="Amazon.com Inc." />
    <property name="java.specification.maintenance.version" value="5" />
    <property name="file.separator" value="\" />
    <property name="java.vendor.url.bug" value="https://github.com/corretto/corretto-8/issues/" />
    <property name="sun.cpu.endian" value="little" />
    <property name="sun.io.unicode.encoding" value="UnicodeLittle" />
    <property name="ant.file.type" value="file" />
    <property name="sun.desktop" value="windows" />
    <property name="sun.cpu.isalist" value="amd64" />
  </properties>
  <testcase classname="RationalTest" name="testCompareTo1" time="0.007" />
  <testcase classname="RationalTest" name="testCompareTo2" time="0.0" />
  <testcase classname="RationalTest" name="testAdd" time="0.0" />
  <testcase classname="RationalTest" name="testSubtract" time="0.0" />
  <testcase classname="RationalTest" name="testDivide" time="0.0" />
  <testcase classname="RationalTest" name="testEqual1" time="0.0" />
  <testcase classname="RationalTest" name="testEqual2" time="0.0" />
  <testcase classname="RationalTest" name="testMultiply" time="0.0" />
  <system-out><![CDATA[]]></system-out>
  <system-err><![CDATA[]]></system-err>
</testsuite>
