<?xml version="1.0" encoding="UTF-8"?>
<testsuite name="RationalTest" tests="8" skipped="0" failures="0" errors="0" timestamp="2023-09-12T19:26:52" hostname="LAPTOP-4IQU9GAF" time="0.004">
  <properties/>
  <testcase name="testCompareTo1" classname="RationalTest" time="0.003"/>
  <testcase name="testCompareTo2" classname="RationalTest" time="0.001"/>
  <testcase name="testAdd" classname="RationalTest" time="0.0"/>
  <testcase name="testSubtract" classname="RationalTest" time="0.0"/>
  <testcase name="testDivide" classname="RationalTest" time="0.0"/>
  <testcase name="testEqual1" classname="RationalTest" time="0.0"/>
  <testcase name="testEqual2" classname="RationalTest" time="0.0"/>
  <testcase name="testMultiply" classname="RationalTest" time="0.0"/>
  <system-out><![CDATA[]]></system-out>
  <system-err><![CDATA[]]></system-err>
</testsuite>
